[    0.000000] Initializing cgroup subsys cpuset
[    0.000000] Initializing cgroup subsys cpu
[    0.000000] Initializing cgroup subsys cpuacct
[    0.000000] Linux version 4.4.0-210-generic (buildd@lgw01-amd64-009) (gcc version 5.4.0 20160609 (Ubuntu 5.4.0-6ubuntu1~16.04.12) ) #242-Ubuntu SMP Fri Apr 16 09:57:56 UTC 2021 (Ubuntu 4.4.0-210.242-generic 4.4.262)
[    0.000000] Command line: BOOT_IMAGE=/boot/vmlinuz-4.4.0-210-generic root=LABEL=cloudimg-rootfs ro console=tty1 console=ttyS0
[    0.000000] KERNEL supported cpus:
[    0.000000]   Intel GenuineIntel
[    0.000000]   AMD AuthenticAMD
[    0.000000]   Centaur CentaurHauls
[    0.000000] x86/fpu: xstate_offset[2]:  576, xstate_sizes[2]:  256
[    0.000000] x86/fpu: Supporting XSAVE feature 0x01: 'x87 floating point registers'
[    0.000000] x86/fpu: Supporting XSAVE feature 0x02: 'SSE registers'
[    0.000000] x86/fpu: Supporting XSAVE feature 0x04: 'AVX registers'
[    0.000000] x86/fpu: Enabled xstate features 0x7, context size is 832 bytes, using 'standard' format.
[    0.000000] e820: BIOS-provided physical RAM map:
[    0.000000] BIOS-e820: [mem 0x0000000000000000-0x000000000009fbff] usable
[    0.000000] BIOS-e820: [mem 0x000000000009fc00-0x000000000009ffff] reserved
[    0.000000] BIOS-e820: [mem 0x00000000000f0000-0x00000000000fffff] reserved
[    0.000000] BIOS-e820: [mem 0x0000000000100000-0x000000003ffeffff] usable
[    0.000000] BIOS-e820: [mem 0x000000003fff0000-0x000000003fffffff] ACPI data
[    0.000000] BIOS-e820: [mem 0x00000000fec00000-0x00000000fec00fff] reserved
[    0.000000] BIOS-e820: [mem 0x00000000fee00000-0x00000000fee00fff] reserved
[    0.000000] BIOS-e820: [mem 0x00000000fffc0000-0x00000000ffffffff] reserved
[    0.000000] NX (Execute Disable) protection: active
[    0.000000] SMBIOS 2.5 present.
[    0.000000] Hypervisor detected: KVM
[    0.000000] Kernel/User page tables isolation: disabled
[    0.000000] e820: last_pfn = 0x3fff0 max_arch_pfn = 0x400000000
[    0.000000] MTRR: Disabled
[    0.000000] x86/PAT: MTRRs disabled, skipping PAT initialization too.
[    0.000000] CPU MTRRs all blank - virtualized system.
[    0.000000] x86/PAT: Configuration [0-7]: WB  WT  UC- UC  WB  WT  UC- UC  
[    0.000000] found SMP MP-table at [mem 0x0009fff0-0x0009ffff] mapped at [ffff88000009fff0]
[    0.000000] Scanning 1 areas for low memory corruption
[    0.000000] RAMDISK: [mem 0x362de000-0x37166fff]
[    0.000000] ACPI: Early table checksum verification disabled
[    0.000000] ACPI: RSDP 0x00000000000E0000 000024 (v02 VBOX  )
[    0.000000] ACPI: XSDT 0x000000003FFF0030 00003C (v01 VBOX   VBOXXSDT 00000001 ASL  00000061)
[    0.000000] ACPI: FACP 0x000000003FFF00F0 0000F4 (v04 VBOX   VBOXFACP 00000001 ASL  00000061)
[    0.000000] ACPI: DSDT 0x000000003FFF0470 002325 (v02 VBOX   VBOXBIOS 00000002 INTL 20100528)
[    0.000000] ACPI: FACS 0x000000003FFF0200 000040
[    0.000000] ACPI: FACS 0x000000003FFF0200 000040
[    0.000000] ACPI: APIC 0x000000003FFF0240 00005C (v02 VBOX   VBOXAPIC 00000001 ASL  00000061)
[    0.000000] ACPI: SSDT 0x000000003FFF02A0 0001CC (v01 VBOX   VBOXCPUT 00000002 INTL 20100528)
[    0.000000] No NUMA configuration found
[    0.000000] Faking a node at [mem 0x0000000000000000-0x000000003ffeffff]
[    0.000000] NODE_DATA(0) allocated [mem 0x3ffeb000-0x3ffeffff]
[    0.000000] kvm-clock: Using msrs 4b564d01 and 4b564d00
[    0.000000] kvm-clock: cpu 0, msr 0:3ffe3001, primary cpu clock
[    0.000000] kvm-clock: using sched offset of 3161326807 cycles
[    0.000000] clocksource: kvm-clock: mask: 0xffffffffffffffff max_cycles: 0x1cd42e4dffb, max_idle_ns: 881590591483 ns
[    0.000000] Zone ranges:
[    0.000000]   DMA      [mem 0x0000000000001000-0x0000000000ffffff]
[    0.000000]   DMA32    [mem 0x0000000001000000-0x000000003ffeffff]
[    0.000000]   Normal   empty
[    0.000000]   Device   empty
[    0.000000] Movable zone start for each node
[    0.000000] Early memory node ranges
[    0.000000]   node   0: [mem 0x0000000000001000-0x000000000009efff]
[    0.000000]   node   0: [mem 0x0000000000100000-0x000000003ffeffff]
[    0.000000] Initmem setup node 0 [mem 0x0000000000001000-0x000000003ffeffff]
[    0.000000] ACPI: PM-Timer IO Port: 0x4008
[    0.000000] IOAPIC[0]: apic_id 2, version 32, address 0xfec00000, GSI 0-23
[    0.000000] ACPI: INT_SRC_OVR (bus 0 bus_irq 0 global_irq 2 dfl dfl)
[    0.000000] ACPI: INT_SRC_OVR (bus 0 bus_irq 9 global_irq 9 low level)
[    0.000000] Using ACPI (MADT) for SMP configuration information
[    0.000000] smpboot: Allowing 2 CPUs, 0 hotplug CPUs
[    0.000000] PM: Registered nosave memory: [mem 0x00000000-0x00000fff]
[    0.000000] PM: Registered nosave memory: [mem 0x0009f000-0x0009ffff]
[    0.000000] PM: Registered nosave memory: [mem 0x000a0000-0x000effff]
[    0.000000] PM: Registered nosave memory: [mem 0x000f0000-0x000fffff]
[    0.000000] e820: [mem 0x40000000-0xfebfffff] available for PCI devices
[    0.000000] Booting paravirtualized kernel on KVM
[    0.000000] clocksource: refined-jiffies: mask: 0xffffffff max_cycles: 0xffffffff, max_idle_ns: 7645519600211568 ns
[    0.000000] setup_percpu: NR_CPUS:512 nr_cpumask_bits:512 nr_cpu_ids:2 nr_node_ids:1
[    0.000000] PERCPU: Embedded 33 pages/cpu @ffff88003fc00000 s95192 r8192 d31784 u1048576
[    0.000000] Built 1 zonelists in Node order, mobility grouping on.  Total pages: 257912
[    0.000000] Policy zone: DMA32
[    0.000000] Kernel command line: BOOT_IMAGE=/boot/vmlinuz-4.4.0-210-generic root=LABEL=cloudimg-rootfs ro console=tty1 console=ttyS0
[    0.000000] PID hash table entries: 4096 (order: 3, 32768 bytes)
[    0.000000] Memory: 997796K/1048120K available (8644K kernel code, 1332K rwdata, 4044K rodata, 1492K init, 1164K bss, 50324K reserved, 0K cma-reserved)
[    0.000000] SLUB: HWalign=64, Order=0-3, MinObjects=0, CPUs=2, Nodes=1
[    0.000000] Hierarchical RCU implementation.
[    0.000000] 	Build-time adjustment of leaf fanout to 64.
[    0.000000] 	RCU restricting CPUs from NR_CPUS=512 to nr_cpu_ids=2.
[    0.000000] RCU: Adjusting geometry for rcu_fanout_leaf=64, nr_cpu_ids=2
[    0.000000] NR_IRQS:33024 nr_irqs:440 16
[    0.000000] Console: colour VGA+ 80x25
[    0.000000] console [tty1] enabled
[    0.000000] console [ttyS0] enabled
[    0.000000] tsc: Detected 2111.998 MHz processor
[    0.129629] Calibrating delay loop (skipped) preset value.. 4223.99 BogoMIPS (lpj=8447992)
[    0.130964] pid_max: default: 32768 minimum: 301
[    0.131686] ACPI: Core revision 20150930
[    0.133056] ACPI: 2 ACPI AML tables successfully acquired and loaded
[    0.134114] Security Framework initialized
[    0.134771] Yama: becoming mindful.
[    0.135459] AppArmor: AppArmor initialized
[    0.136248] Dentry cache hash table entries: 131072 (order: 8, 1048576 bytes)
[    0.137470] Inode-cache hash table entries: 65536 (order: 7, 524288 bytes)
[    0.140876] Mount-cache hash table entries: 2048 (order: 2, 16384 bytes)
[    0.141849] Mountpoint-cache hash table entries: 2048 (order: 2, 16384 bytes)
[    0.142954] Initializing cgroup subsys io
[    0.143602] Initializing cgroup subsys memory
[    0.144295] Initializing cgroup subsys devices
[    0.145027] Initializing cgroup subsys freezer
[    0.145743] Initializing cgroup subsys net_cls
[    0.146438] Initializing cgroup subsys perf_event
[    0.147200] Initializing cgroup subsys net_prio
[    0.147944] Initializing cgroup subsys hugetlb
[    0.148639] Initializing cgroup subsys pids
[    0.160085] mce: CPU supports 0 MCE banks
[    0.160786] Last level iTLB entries: 4KB 64, 2MB 8, 4MB 8
[    0.161614] Last level dTLB entries: 4KB 64, 2MB 0, 4MB 0, 1GB 4
[    0.162484] Spectre V1 : Mitigation: usercopy/swapgs barriers and __user pointer sanitization
[    0.163840] Spectre V2 : Mitigation: Full generic retpoline
[    0.164658] Spectre V2 : Spectre v2 / SpectreRSB mitigation: Filling RSB on context switch
[    0.166004] Speculative Store Bypass: Vulnerable
[    0.166758] SRBDS: Mitigation: TSX disabled
[    0.169842] Freeing SMP alternatives memory: 36K
[    0.175772] ftrace: allocating 32380 entries in 127 pages
[    0.227468] smpboot: APIC(0) Converting physical 0 to logical package 0
[    0.228752] smpboot: Max logical packages: 1
[    0.229931] x2apic enabled
[    0.230785] Switched APIC routing to physical x2apic.
[    0.232651] ..TIMER: vector=0x30 apic1=0 pin1=2 apic2=-1 pin2=-1
[    0.341880] smpboot: CPU0: Intel(R) Core(TM) i5-10210U CPU @ 1.60GHz (family: 0x6, model: 0x8e, stepping: 0xc)
[    0.343865] Performance Events: unsupported p6 CPU model 142 no PMU driver, software events only.
[    0.353790] KVM setup paravirtual spinlock
[    0.355416] x86: Booting SMP configuration:
[    0.356207] .... node  #0, CPUs:      #1
[    0.357011] kvm-clock: cpu 1, msr 0:3ffe3041, secondary cpu clock
[    0.368910] mce: CPU supports 0 MCE banks
[    0.371400] x86: Booted up 1 node, 2 CPUs
[    0.372452] smpboot: Total of 2 processors activated (8447.99 BogoMIPS)
[    0.373996] devtmpfs: initialized
[    0.376200] evm: security.selinux
[    0.377203] evm: security.SMACK64
[    0.377861] evm: security.SMACK64EXEC
[    0.378537] evm: security.SMACK64TRANSMUTE
[    0.379242] evm: security.SMACK64MMAP
[    0.379857] evm: security.ima
[    0.380390] evm: security.capability
[    0.381176] clocksource: jiffies: mask: 0xffffffff max_cycles: 0xffffffff, max_idle_ns: 7645041785100000 ns
[    0.382687] futex hash table entries: 512 (order: 3, 32768 bytes)
[    0.383780] pinctrl core: initialized pinctrl subsystem
[    0.384711] RTC time: 16:33:02, date: 05/08/21
[    0.388142] NET: Registered protocol family 16
[    0.401541] cpuidle: using governor ladder
[    0.411149] cpuidle: using governor menu
[    0.412041] PCCT header not found.
[    0.413027] ACPI: bus type PCI registered
[    0.413830] acpiphp: ACPI Hot Plug PCI Controller Driver version: 0.5
[    0.414920] PCI: Using configuration type 1 for base access
[    0.428415] ACPI: Added _OSI(Module Device)
[    0.429260] ACPI: Added _OSI(Processor Device)
[    0.430062] ACPI: Added _OSI(3.0 _SCP Extensions)
[    0.430827] ACPI: Added _OSI(Processor Aggregator Device)
[    0.432505] ACPI: Executed 1 blocks of module-level executable AML code
[    0.435194] ACPI: Interpreter enabled
[    0.435901] ACPI: (supports S0 S5)
[    0.436482] ACPI: Using IOAPIC for interrupt routing
[    0.437391] PCI: Using host bridge windows from ACPI; if necessary, use "pci=nocrs" and report a bug
[    0.441842] ACPI: PCI Root Bridge [PCI0] (domain 0000 [bus 00-ff])
[    0.442787] acpi PNP0A03:00: _OSC: OS supports [ASPM ClockPM Segments MSI]
[    0.444018] acpi PNP0A03:00: _OSC: not requesting OS control; OS requires [ExtendedConfig ASPM ClockPM MSI]
[    0.445579] acpi PNP0A03:00: fail to add MMCONFIG information, can't access extended PCI configuration space under this bridge.
[    0.447579] PCI host bridge to bus 0000:00
[    0.448256] pci_bus 0000:00: root bus resource [io  0x0000-0x0cf7 window]
[    0.449238] pci_bus 0000:00: root bus resource [io  0x0d00-0xffff window]
[    0.450240] pci_bus 0000:00: root bus resource [mem 0x000a0000-0x000bffff window]
[    0.451580] pci_bus 0000:00: root bus resource [mem 0x40000000-0xfdffffff window]
[    0.452863] pci_bus 0000:00: root bus resource [bus 00-ff]
[    0.455175] pci 0000:00:01.1: legacy IDE quirk: reg 0x10: [io  0x01f0-0x01f7]
[    0.456278] pci 0000:00:01.1: legacy IDE quirk: reg 0x14: [io  0x03f6]
[    0.457253] pci 0000:00:01.1: legacy IDE quirk: reg 0x18: [io  0x0170-0x0177]
[    0.458310] pci 0000:00:01.1: legacy IDE quirk: reg 0x1c: [io  0x0376]
[    0.478361] pci 0000:00:07.0: quirk: [io  0x4000-0x403f] claimed by PIIX4 ACPI
[    0.479659] pci 0000:00:07.0: quirk: [io  0x4100-0x410f] claimed by PIIX4 SMB
[    0.484913] ACPI: PCI Interrupt Link [LNKA] (IRQs 5 9 10 *11)
[    0.486287] ACPI: PCI Interrupt Link [LNKB] (IRQs 5 9 *10 11)
[    0.487606] ACPI: PCI Interrupt Link [LNKC] (IRQs 5 *9 10 11)
[    0.488909] ACPI: PCI Interrupt Link [LNKD] (IRQs 5 9 10 *11)
[    0.490180] ACPI: Enabled 2 GPEs in block 00 to 07
[    0.491398] vgaarb: setting as boot device: PCI:0000:00:02.0
[    0.492243] vgaarb: device added: PCI:0000:00:02.0,decodes=io+mem,owns=io+mem,locks=none
[    0.493728] vgaarb: loaded
[    0.494258] vgaarb: bridge control possible 0000:00:02.0
[    0.495308] SCSI subsystem initialized
[    0.496073] ACPI: bus type USB registered
[    0.496779] usbcore: registered new interface driver usbfs
[    0.497638] usbcore: registered new interface driver hub
[    0.498487] usbcore: registered new device driver usb
[    0.499469] PCI: Using ACPI for IRQ routing
[    0.500534] NetLabel: Initializing
[    0.501163] NetLabel:  domain hash size = 128
[    0.501847] NetLabel:  protocols = UNLABELED CIPSOv4
[    0.502650] NetLabel:  unlabeled traffic allowed by default
[    0.503705] amd_nb: Cannot enumerate AMD northbridges
[    0.504592] clocksource: Switched to clocksource kvm-clock
[    0.514729] AppArmor: AppArmor Filesystem Enabled
[    0.515554] pnp: PnP ACPI init
[    0.516837] pnp: PnP ACPI: found 3 devices
[    0.525666] clocksource: acpi_pm: mask: 0xffffff max_cycles: 0xffffff, max_idle_ns: 2085701024 ns
[    0.527097] NET: Registered protocol family 2
[    0.527997] TCP established hash table entries: 8192 (order: 4, 65536 bytes)
[    0.529110] TCP bind hash table entries: 8192 (order: 5, 131072 bytes)
[    0.530102] TCP: Hash tables configured (established 8192 bind 8192)
[    0.531081] UDP hash table entries: 512 (order: 2, 16384 bytes)
[    0.531992] UDP-Lite hash table entries: 512 (order: 2, 16384 bytes)
[    0.533042] NET: Registered protocol family 1
[    0.533830] pci 0000:00:00.0: Limiting direct PCI/PCI transfers
[    0.534755] pci 0000:00:01.0: Activating ISA DMA hang workarounds
[    0.538252] Unpacking initramfs...
[    0.757934] Freeing initrd memory: 14884K
[    0.758868] clocksource: tsc: mask: 0xffffffffffffffff max_cycles: 0x1e71768ef8b, max_idle_ns: 440795218977 ns
[    0.760845] platform rtc_cmos: registered platform RTC device (no PNP device found)
[    0.762230] Scanning for low memory corruption every 60 seconds
[    0.763637] audit: initializing netlink subsys (disabled)
[    0.764498] audit: type=2000 audit(1620491587.233:1): initialized
[    0.765670] Initialise system trusted keyring
[    0.766603] HugeTLB registered 2 MB page size, pre-allocated 0 pages
[    0.768508] zbud: loaded
[    0.769420] VFS: Disk quotas dquot_6.6.0
[    0.770126] VFS: Dquot-cache hash table entries: 512 (order 0, 4096 bytes)
[    0.771269] squashfs: version 4.0 (2009/01/31) Phillip Lougher
[    0.772500] fuse init (API version 7.23)
[    0.773312] Key type big_key registered
[    0.773967] Allocating IMA MOK and blacklist keyrings.
[    0.780185] Key type asymmetric registered
[    0.780962] Asymmetric key parser 'x509' registered
[    0.781796] Block layer SCSI generic (bsg) driver version 0.4 loaded (major 249)
[    0.783130] io scheduler noop registered
[    0.783837] io scheduler deadline registered (default)
[    0.784646] io scheduler cfq registered
[    0.785450] pci_hotplug: PCI Hot Plug PCI Core version: 0.5
[    0.786288] pciehp: PCI Express Hot Plug Controller Driver version: 0.4
[    0.787345] ACPI: AC Adapter [AC] (off-line)
[    0.788067] input: Power Button as /devices/LNXSYSTM:00/LNXPWRBN:00/input/input0
[    0.789438] ACPI: Power Button [PWRF]
[    0.790103] input: Sleep Button as /devices/LNXSYSTM:00/LNXSLPBN:00/input/input1
[    0.791320] ACPI: Sleep Button [SLPF]
[    0.792573] ACPI: Battery Slot [BAT0] (battery present)
[    0.793504] GHES: HEST is not enabled!
[    0.794206] Serial: 8250/16550 driver, 32 ports, IRQ sharing enabled
[    0.815576] 00:02: ttyS0 at I/O 0x3f8 (irq = 4, base_baud = 115200) is a 16550A
[    0.817679] Linux agpgart interface v0.103
[    0.819936] loop: module loaded
[    0.821036] scsi host0: ata_piix
[    0.821860] scsi host1: ata_piix
[    0.822515] ata1: PATA max UDMA/33 cmd 0x1f0 ctl 0x3f6 bmdma 0xd000 irq 14
[    0.823647] ata2: PATA max UDMA/33 cmd 0x170 ctl 0x376 bmdma 0xd008 irq 15
[    0.824771] libphy: Fixed MDIO Bus: probed
[    0.825477] tun: Universal TUN/TAP device driver, 1.6
[    0.826306] tun: (C) 1999-2004 Max Krasnyansky <maxk@qualcomm.com>
[    0.827246] PPP generic driver version 2.4.2
[    0.827965] ehci_hcd: USB 2.0 'Enhanced' Host Controller (EHCI) Driver
[    0.828901] ehci-pci: EHCI PCI platform driver
[    0.829711] ehci-platform: EHCI generic platform driver
[    0.830522] ohci_hcd: USB 1.1 'Open' Host Controller (OHCI) Driver
[    0.831462] ohci-pci: OHCI PCI platform driver
[    0.832184] ohci-platform: OHCI generic platform driver
[    0.833029] uhci_hcd: USB Universal Host Controller Interface driver
[    0.834032] i8042: PNP: PS/2 Controller [PNP0303:PS2K,PNP0f03:PS2M] at 0x60,0x64 irq 1,12
[    0.835836] serio: i8042 KBD port at 0x60,0x64 irq 1
[    0.836618] serio: i8042 AUX port at 0x60,0x64 irq 12
[    0.837523] mousedev: PS/2 mouse device common for all mice
[    0.838813] rtc_cmos rtc_cmos: rtc core: registered rtc_cmos as rtc0
[    0.839877] rtc_cmos rtc_cmos: alarms up to one day, 114 bytes nvram
[    0.840833] i2c /dev entries driver
[    0.841547] input: AT Translated Set 2 keyboard as /devices/platform/i8042/serio0/input/input2
[    0.843118] device-mapper: uevent: version 1.0.3
[    0.843924] device-mapper: ioctl: 4.34.0-ioctl (2015-10-28) initialised: dm-devel@redhat.com
[    0.845509] ledtrig-cpu: registered to indicate activity on CPUs
[    0.846777] NET: Registered protocol family 10
[    0.847679] NET: Registered protocol family 17
[    0.848412] Key type dns_resolver registered
[    0.849327] registered taskstats version 1
[    0.850003] Loading compiled-in X.509 certificates
[    0.851171] Loaded X.509 cert 'Build time autogenerated kernel key: cf00e047681d67edb2720680708b7d9498083038'
[    0.852830] zswap: loaded using pool lzo/zbud
[    0.855004] Key type trusted registered
[    0.857871] Key type encrypted registered
[    0.858556] AppArmor: AppArmor sha1 policy hashing enabled
[    0.859374] ima: No TPM chip found, activating TPM-bypass!
[    0.860205] ima: Allocated hash algorithm: sha1
[    0.860983] evm: HMAC attrs: 0x1
[    0.861808]   Magic number: 5:321:590
[    0.862554] rtc_cmos rtc_cmos: setting system clock to 2021-05-08 16:33:03 UTC (1620491583)
[    0.864024] BIOS EDD facility v0.16 2004-Jun-25, 0 devices found
[    0.865034] EDD information not available.
[    1.004869] Freeing unused kernel memory: 1492K
[    1.005879] Write protecting the kernel read-only data: 14336k
[    1.007413] Freeing unused kernel memory: 1584K
[    1.008450] Freeing unused kernel memory: 52K
Loading, please wait...
starting version 229
[    1.020509] random: systemd-udevd: uninitialized urandom read (16 bytes read, 3 bits of entropy available)
[    1.021074] random: udevadm: uninitialized urandom read (16 bytes read, 3 bits of entropy available)
[    1.021095] random: udevadm: uninitialized urandom read (16 bytes read, 3 bits of entropy available)
[    1.025783] random: systemd-udevd: uninitialized urandom read (16 bytes read, 3 bits of entropy available)
[    1.026827] random: udevadm: uninitialized urandom read (16 bytes read, 3 bits of entropy available)
[    1.026865] random: udevadm: uninitialized urandom read (16 bytes read, 3 bits of entropy available)
[    1.026957] random: udevadm: uninitialized urandom read (16 bytes read, 3 bits of entropy available)
[    1.026995] random: udevadm: uninitialized urandom read (16 bytes read, 3 bits of entropy available)
[    1.027033] random: udevadm: uninitialized urandom read (16 bytes read, 3 bits of entropy available)
[    1.027072] random: udevadm: uninitialized urandom read (16 bytes read, 3 bits of entropy available)
[    1.066135] e1000: Intel(R) PRO/1000 Network Driver - version 7.3.21-k8-NAPI
[    1.067286] e1000: Copyright (c) 1999-2006 Intel Corporation.
[    1.068362] Fusion MPT base driver 3.04.20
[    1.069210] Copyright (c) 1999-2008 LSI Corporation
[    1.073041] Fusion MPT SPI Host driver 3.04.20
[    1.086728] AVX2 version of gcm_enc/dec engaged.
[    1.087636] AES CTR mode by8 optimization enabled
[    1.311077] input: ImExPS/2 Generic Explorer Mouse as /devices/platform/i8042/serio1/input/input4
[    1.784907] e1000 0000:00:03.0 eth0: (PCI:33MHz:32-bit) 02:ed:98:3c:8e:82
[    1.787776] e1000 0000:00:03.0 eth0: Intel(R) PRO/1000 Network Connection
[    1.789617] mptbase: ioc0: Initiating bringup
[    1.790906] e1000 0000:00:03.0 enp0s3: renamed from eth0
[    2.868417] ioc0: LSI53C1030 A0: Capabilities={Initiator}
[    5.770561] scsi host2: ioc0: LSI53C1030 A0, FwRev=00000000h, Ports=1, MaxQ=256, IRQ=20
[    7.852736] scsi 2:0:0:0: Direct-Access     VBOX     HARDDISK         1.0  PQ: 0 ANSI: 5
[    7.857433] scsi target2:0:0: Beginning Domain Validation
[    7.861353] scsi target2:0:0: Domain Validation skipping write tests
[    7.862891] scsi target2:0:0: Ending Domain Validation
[    7.863959] scsi target2:0:0: asynchronous
[    7.865728] scsi 2:0:1:0: Direct-Access     VBOX     HARDDISK         1.0  PQ: 0 ANSI: 5
[    7.867074] scsi target2:0:1: Beginning Domain Validation
[    7.869928] scsi target2:0:1: Domain Validation skipping write tests
[    7.870911] scsi target2:0:1: Ending Domain Validation
[    7.871770] scsi target2:0:1: asynchronous
[    7.886550] sd 2:0:0:0: Attached scsi generic sg0 type 0
[    7.886856] sd 2:0:0:0: [sda] 83886080 512-byte logical blocks: (42.9 GB/40.0 GiB)
[    7.886952] sd 2:0:0:0: [sda] Write Protect is off
[    7.887126] sd 2:0:0:0: [sda] Incomplete mode parameter data
[    7.887127] sd 2:0:0:0: [sda] Assuming drive cache: write through
[    7.891561] sd 2:0:1:0: Attached scsi generic sg1 type 0
[    7.891912] sd 2:0:1:0: [sdb] 20480 512-byte logical blocks: (10.5 MB/10.0 MiB)
[    7.892050] sd 2:0:1:0: [sdb] Write Protect is off
[    7.892223] sd 2:0:1:0: [sdb] Incomplete mode parameter data
[    7.892224] sd 2:0:1:0: [sdb] Assuming drive cache: write through
[    7.894754]  sda: sda1
[    7.895378] sd 2:0:0:0: [sda] Attached SCSI disk
[    7.896606] sd 2:0:1:0: [sdb] Attached SCSI disk
Begin: Loading essential drivers ... [    9.205729] md: linear personality registered for level -1
[    9.208317] md: multipath personality registered for level -4
[    9.211358] md: raid0 personality registered for level 0
[    9.214641] md: raid1 personality registered for level 1
[    9.284698] raid6: sse2x1   gen() 12121 MB/s
[    9.352730] raid6: sse2x1   xor()  8027 MB/s
[    9.420726] raid6: sse2x2   gen() 16481 MB/s
[    9.488690] raid6: sse2x2   xor() 10887 MB/s
[    9.556684] raid6: sse2x4   gen() 17536 MB/s
[    9.624727] raid6: sse2x4   xor() 10183 MB/s
[    9.692678] raid6: avx2x1   gen() 22730 MB/s
[    9.760736] raid6: avx2x2   gen() 28835 MB/s
[    9.828700] raid6: avx2x4   gen() 31514 MB/s
[    9.829599] raid6: using algorithm avx2x4 gen() 31514 MB/s
[    9.830632] raid6: using avx2x2 recovery algorithm
[    9.832485] xor: automatically using best checksumming function:
[    9.872707]    avx       : 26785.000 MB/sec
[    9.874898] async_tx: api initialized (async)
[    9.881880] md: raid6 personality registered for level 6
[    9.882929] md: raid5 personality registered for level 5
[    9.884056] md: raid4 personality registered for level 4
[    9.889994] md: raid10 personality registered for level 10
done.
Begin: Running /scripts/init-premount ... done.
Begin: Mounting root file system ... Begin: Running /scripts/local-top ... done.
Begin: Running /scripts/local-premount ... [    9.915200] Btrfs loaded
Scanning for Btrfs filesystems
done.
Warning: fsck not present, so skipping root file system
[    9.943897] EXT4-fs (sda1): mounted filesystem with ordered data mode. Opts: (null)
done.
Begin: Running /scripts/local-bottom ... done.
Begin: Running /scripts/init-bottom ... done.
[   10.014107] systemd[1]: systemd 229 running in system mode. (+PAM +AUDIT +SELINUX +IMA +APPARMOR +SMACK +SYSVINIT +UTMP +LIBCRYPTSETUP +GCRYPT +GNUTLS +ACL +XZ -LZ4 +SECCOMP +BLKID +ELFUTILS +KMOD -IDN)
[   10.016827] systemd[1]: Detected virtualization oracle.
[   10.017661] systemd[1]: Detected architecture x86-64.

Welcome to [1mUbuntu 16.04.7 LTS[0m!

[   10.020887] systemd[1]: Set hostname to <ubuntu>.
[   10.022906] systemd[1]: Initializing machine ID from random generator.
[   10.023952] systemd[1]: Installed transient /etc/machine-id file.
[   10.116024] systemd[1]: Set up automount Arbitrary Executable File Formats File System Automount Point.
[[0;32m  OK  [0m] Set up automount Arbitrary Executab...ats File System Automount Point.
[   10.118689] systemd[1]: Listening on Device-mapper event daemon FIFOs.
[[0;32m  OK  [0m] Listening on Device-mapper event daemon FIFOs.
[   10.120554] systemd[1]: Reached target User and Group Name Lookups.
[[0;32m  OK  [0m] Reached target User and Group Name Lookups.
[   10.122441] systemd[1]: Started Forward Password Requests to Wall Directory Watch.
[[0;32m  OK  [0m] Started Forward Password Requests to Wall Directory Watch.
[   10.124786] systemd[1]: Listening on LVM2 poll daemon socket.
[[0;32m  OK  [0m] Listening on LVM2 poll daemon socket.
[   10.126519] systemd[1]: Listening on Journal Socket.
[[0;32m  OK  [0m] Listening on Journal Socket.
[   10.128066] systemd[1]: Reached target System Time Synchronized.
[[0;32m  OK  [0m] Reached target System Time Synchronized.
[   10.129842] systemd[1]: Listening on LVM2 metadata daemon socket.
[[0;32m  OK  [0m] Listening on LVM2 metadata daemon socket.
[   10.131846] systemd[1]: Created slice User and Session Slice.
[[0;32m  OK  [0m] Created slice User and Session Slice.
[   10.133550] systemd[1]: Listening on udev Control Socket.
[[0;32m  OK  [0m] Listening on udev Control Socket.
[   10.135175] systemd[1]: Listening on Journal Audit Socket.
[[0;32m  OK  [0m] Listening on Journal Audit Socket.
[   10.136784] systemd[1]: Listening on Syslog Socket.
[[0;32m  OK  [0m] Listening on Syslog Socket.
[   10.138330] systemd[1]: Listening on Journal Socket (/dev/log).
[[0;32m  OK  [0m] Listening on Journal Socket (/dev/log).
[   10.139983] systemd[1]: Listening on fsck to fsckd communication Socket.
[[0;32m  OK  [0m] Listening on fsck to fsckd communication Socket.
[   10.141998] systemd[1]: Created slice System Slice.
[[0;32m  OK  [0m] Created slice System Slice.
[   10.153300] systemd[1]: Starting Journal Service...
         Starting Journal Service...
[   10.154869] systemd[1]: Reached target Slices.
[[0;32m  OK  [0m] Reached target Slices.
[   10.156905] systemd[1]: Starting Monitoring of LVM2 mirrors, snapshots etc. using dmeventd or progress polling...
         Starting Monitoring of LVM2 mirrors... dmeventd or progress polling...
[   10.159758] systemd[1]: Created slice system-serial\x2dgetty.slice.
[[0;32m  OK  [0m] Created slice system-serial\x2dgetty.slice.
[   10.171585] systemd[1]: Starting Set console keymap...
         Starting Set console keymap...
[   10.173819] systemd[1]: Starting File System Check on Root Device...
         Starting File System Check on Root Device...
[   10.176162] systemd[1]: Starting Uncomplicated firewall...
         Starting Uncomplicated firewall...
[   10.179091] systemd[1]: Starting Create list of required static device nodes for the current kernel...
         Starting Create list of required st... nodes for the current kernel...
[   10.182859] systemd[1]: Mounting POSIX Message Queue File System...
         Mounting POSIX Message Queue File System...
[   10.190635] systemd[1]: Starting Load Kernel Modules...
         Starting Load Kernel Modules...
[   10.193303] systemd[1]: Mounting Debug File System...
         Mounting Debug File System...
[   10.195385] systemd[1]: Starting Nameserver information manager...
         Starting Nameserver information manager...
[   10.197521] systemd[1]: Started Trigger resolvconf update for networkd DNS.
[[0;32m  OK  [0m] Started Trigger resolvconf update for networkd DNS.
[   10.200745] systemd[1]: Reached target Encrypted Volumes.
[   10.201822] Loading iSCSI transport class v2.0-870.
[[0;32m  OK  [0m] Reached target Encrypted Volumes.
[   10.204080] systemd[1]: Reached target Swap.
[[0;32m  OK  [0m] Reached target Swap.
[   10.206203] systemd[1]: Mounting Huge Pages File System...
         Mounting Huge Pages File System...
[   10.208941] systemd[1]: Listening on udev Kernel Socket.
[[0;32m  OK  [0m] Listening on udev Kernel Socket.
[   10.210772] systemd[1]: Listening on /dev/initctl Compatibility Named Pipe.
[[0;32m  OK  [0m] Listening on /dev/initctl Compatibility Named Pipe.
[   10.214772] systemd[1]: Mounted POSIX Message Queue File System.
[   10.215824] iscsi: registered transport (tcp)
[[0;32m  OK  [0m] Mounted POSIX Message Queue File System.
[   10.217095] systemd[1]: Mounted Debug File System.
[[0;32m  OK  [0m] Mounted Debug File System.
[   10.224987] systemd[1]: Mounted Huge Pages File System.
[[0;32m  OK  [0m] Mounted Huge Pages File System.
[   10.226906] systemd[1]: Started Journal Service.
[[0;32m  OK  [0m] Started Journal Service.
[[0;32m  OK  [0m] Started File System Check on Root Device.
[[0;32m  OK  [0m] Started Uncomplicated firewall.
[[0;32m  OK  [0m] Started Create list of required sta...ce nodes for the current kernel.
[   10.243511] iscsi: registered transport (iser)
[[0;32m  OK  [0m] Started Set console keymap.
[[0;32m  OK  [0m] Started Load Kernel Modules.
[[0;32m  OK  [0m] Started Nameserver information manager.
[[0;32m  OK  [0m] Started File System Check Daemon to report status.
[[0;32m  OK  [0m] Started LVM2 metadata daemon.
         Mounting FUSE Control File System...
         Starting Apply Kernel Variables...
         Starting Create Static Device Nodes in /dev...
         Starting Remount Root and Kernel File Systems...
[[0;32m  OK  [0m] Mounted FUSE Control File System.
[   10.269036] EXT4-fs (sda1): re-mounted. Opts: (null)
[[0;32m  OK  [0m] Started Remount Root and Kernel File Systems.
[[0;32m  OK  [0m] Started Apply Kernel Variables.
[[0;32m  OK  [0m] Started Create Static Device Nodes in /dev.
         Starting udev Kernel Device Manager...
         Starting Load/Save Random Seed...
         Starting Flush Journal to Persistent Storage...
         Starting udev Coldplug all Devices...
[[0;32m  OK  [0m] Started Load/Save Random Seed.
[[0;32m  OK  [0m] Started Flush Journal to Persistent Storage.
[[0;32m  OK  [0m] Started udev Kernel Device Manager.
[[0;32m  OK  [0m] Started udev Coldplug all Devices.
[[0;32m  OK  [0m] Started Dispatch Password Requests to Console Directory Watch.
[[0;32m  OK  [0m] Found device /dev/ttyS0.
[[0;32m  OK  [0m] Listening on Load/Save RF Kill Switch Status /dev/rfkill Watch.
[[0;32m  OK  [0m] Started Monitoring of LVM2 mirrors,...ng dmeventd or progress polling.
[[0;32m  OK  [0m] Reached target Local File Systems (Pre).
[[0;32m  OK  [0m] Reached target Local File Systems.
         Starting Initial cloud-init job (pre-networking)...
         Starting Create Volatile Files and Directories...
         Starting Commit a transient machine-id on disk...
         Starting Set console font and keymap...
         Starting LSB: AppArmor initialization...
         Starting Tell Plymouth To Write Out Runtime Data...
[[0;32m  OK  [0m] Started Create Volatile Files and Directories.
         Starting Update UTMP about System Boot/Shutdown...
[[0;32m  OK  [0m] Started Tell Plymouth To Write Out Runtime Data.
[[0;32m  OK  [0m] Started Commit a transient machine-id on disk.
[[0;32m  OK  [0m] Started Update UTMP about System Boot/Shutdown.
[[0;32m  OK  [0m] Started Set console font and keymap.
[[0;32m  OK  [0m] Created slice system-getty.slice.
[[0;32m  OK  [0m] Started LSB: AppArmor initialization.
[   11.584903] cloud-init[595]: Cloud-init v. 21.1-19-gbad84ad4-0ubuntu1~16.04.2 running 'init-local' at Sat, 08 May 2021 16:33:14 +0000. Up 11.31 seconds.
         Starting Load AppArmor profiles managed internally by snapd...
[[0;32m  OK  [0m] Started Load AppArmor profiles managed internally by snapd.
[[0;32m  OK  [0m] Started Initial cloud-init job (pre-networking).
[[0;32m  OK  [0m] Reached target Network (Pre).
         Starting Raise network interfaces...
[[0;32m  OK  [0m] Started Raise network interfaces.
[[0;32m  OK  [0m] Reached target Network.
         Starting Initial cloud-init job (metadata service crawler)...
[   12.508242] cloud-init[941]: Cloud-init v. 21.1-19-gbad84ad4-0ubuntu1~16.04.2 running 'init' at Sat, 08 May 2021 16:33:14 +0000. Up 12.09 seconds.
[   12.509708] cloud-init[941]: ci-info: ++++++++++++++++++++++++++++++++++++++Net device info++++++++++++++++++++++++++++++++++++++
[   12.511055] cloud-init[941]: ci-info: +--------+------+----------------------------+---------------+--------+-------------------+
[   12.512389] cloud-init[941]: ci-info: | Device |  Up  |          Address           |      Mask     | Scope  |     Hw-Address    |
[   12.513735] cloud-init[941]: ci-info: +--------+------+----------------------------+---------------+--------+-------------------+
[   12.515119] cloud-init[941]: ci-info: | enp0s3 | True |         10.0.2.15          | 255.255.255.0 | global | 02:ed:98:3c:8e:82 |
[   12.517119] cloud-init[941]: ci-info: | enp0s3 | True | fe80::ed:98ff:fe3c:8e82/64 |       .       |  link  | 02:ed:98:3c:8e:82 |
[   12.518955] cloud-init[941]: ci-info: |   lo   | True |         127.0.0.1          |   255.0.0.0   |  host  |         .         |
[   12.520986] cloud-init[941]: ci-info: |   lo   | True |          ::1/128           |       .       |  host  |         .         |
[   12.522791] cloud-init[941]: ci-info: +--------+------+----------------------------+---------------+--------+-------------------+
[   12.524574] cloud-init[941]: ci-info: +++++++++++++++++++++++++++Route IPv4 info++++++++++++++++++++++++++++
[   12.526274] cloud-init[941]: ci-info: +-------+-------------+----------+---------------+-----------+-------+
[   12.527798] cloud-init[941]: ci-info: | Route | Destination | Gateway  |    Genmask    | Interface | Flags |
[   12.529497] cloud-init[941]: ci-info: +-------+-------------+----------+---------------+-----------+-------+
[   12.531091] cloud-init[941]: ci-info: |   0   |   0.0.0.0   | 10.0.2.2 |    0.0.0.0    |   enp0s3  |   UG  |
[   12.532650] cloud-init[941]: ci-info: |   1   |   10.0.2.0  | 0.0.0.0  | 255.255.255.0 |   enp0s3  |   U   |
[   12.534388] cloud-init[941]: ci-info: +-------+-------------+----------+---------------+-----------+-------+
[   12.536151] cloud-init[941]: ci-info: +++++++++++++++++++Route IPv6 info+++++++++++++++++++
[   12.537381] cloud-init[941]: ci-info: +-------+-------------+---------+-----------+-------+
[   12.540322] cloud-init[941]: ci-info: | Route | Destination | Gateway | Interface | Flags |
[   12.541801] cloud-init[941]: ci-info: +-------+-------------+---------+-----------+-------+
[   12.548449] cloud-init[941]: ci-info: |   0   |  fe80::/64  |    ::   |   enp0s3  |   U   |
[   12.550136] cloud-init[941]: ci-info: |   3   |   ff00::/8  |    ::   |   enp0s3  |   U   |
[   12.556370] cloud-init[941]: ci-info: +-------+-------------+---------+-----------+-------+
[   12.557639] cloud-init[941]: Generating public/private rsa key pair.
[   12.558735] cloud-init[941]: Your identification has been saved in /etc/ssh/ssh_host_rsa_key.
[   12.560103] cloud-init[941]: Your public key has been saved in /etc/ssh/ssh_host_rsa_key.pub.
[   12.561429] cloud-init[941]: The key fingerprint is:
[   12.562414] cloud-init[941]: SHA256:fSJl/iSnT3xX8vPW+15IDp/yV6e+hKeyKQ8cBm5UzHs root@ubuntu-xenial
[   12.564103] cloud-init[941]: The key's randomart image is:
[   12.565088] cloud-init[941]: +---[RSA 2048]----+
[   12.565940] cloud-init[941]: |       o.        |
[   12.566904] cloud-init[941]: |       .o        |
[   12.567935] cloud-init[941]: |      o  .o      |
[   12.569012] cloud-init[941]: |     o ..=E      |
[   12.570019] cloud-init[941]: |      o S.= = o .|
[   12.571043] cloud-init[941]: |     . o o X * =+|
[   12.572101] cloud-init[941]: |        o . * OoB|
[   12.580462] cloud-init[941]: |        ...+ B..B|
[   12.581443] cloud-init[941]: |         o+oo.+**|
[   12.582841] cloud-init[941]: +----[SHA256]-----+
[   12.583934] cloud-init[941]: Generating public/private dsa key pair.
[   12.585200] cloud-init[941]: Your identification has been saved in /etc/ssh/ssh_host_dsa_key.
[   12.586575] cloud-init[941]: Your public key has been saved in /etc/ssh/ssh_host_dsa_key.pub.
[   12.587911] cloud-init[941]: The key fingerprint is:
[   12.588909] cloud-init[941]: SHA256:LfHNGpE0Sv1GTR62EuRXD5IR2R9QXrAXLrgsI5n5wzA root@ubuntu-xenial
[   12.590266] cloud-init[941]: The key's randomart image is:
[   12.591259] cloud-init[941]: +---[DSA 1024]----+
[   12.592225] cloud-init[941]: |        ..o.*XO+o|
[   12.593163] cloud-init[941]: |       . o.+===B+|
[   12.594131] cloud-init[941]: |        o o+o.=++|
[   12.595246] cloud-init[941]: |        ++.++o...|
[   12.600398] cloud-init[941]: |       ESo++o    |
[   12.601141] cloud-init[941]: |        *.oo     |
[   12.601910] cloud-init[941]: |         +.      |
[   12.602687] cloud-init[941]: |          .      |
[   12.603484] cloud-init[941]: |                 |
[   12.604274] cloud-init[941]: +----[SHA256]-----+
[   12.605236] cloud-init[941]: Generating public/private ecdsa key pair.
[   12.606250] cloud-init[941]: Your identification has been saved in /etc/ssh/ssh_host_ecdsa_key.
[   12.606429] cloud-init[941]: Your public key has been saved in /etc/ssh/ssh_host_ecdsa_key.pub.
[   12.606714] cloud-init[941]: The key fingerprint is:
[   12.607127] cloud-init[941]: SHA256:vM+GWIpnwhWVXU3sgopMgNvOsv/cqoiMpkHd95udtJg root@ubuntu-xenial
[   12.607542] cloud-init[941]: The key's randomart image is:
[   12.607775] cloud-init[941]: +---[ECDSA 256]---+
[   12.608151] cloud-init[941]: |   .     o ..+.  |
[   12.608611] cloud-init[941]: |  . .   o .   o  |
[   12.609073] cloud-init[941]: |   o . .   . .   |
[   12.609415] cloud-init[941]: |  o o o.  . . .  |
[   12.609696] cloud-init[941]: | . + + +S.   .   |
[   12.609977] cloud-init[941]: |. . o = +.       |
[   12.610398] cloud-init[941]: |.  + o +.o .     |
[   12.610808] cloud-init[941]: |o+..+.=..oO o    |
[   12.611220] cloud-init[941]: |*...o*+..Eo+     |
[   12.611479] cloud-init[941]: +----[SHA256]-----+
[   12.611741] cloud-init[941]: Generating public/private ed25519 key pair.
[   12.612449] cloud-init[941]: Your identification has been saved in /etc/ssh/ssh_host_ed25519_key.
[   12.612755] cloud-init[941]: Your public key has been saved in /etc/ssh/ssh_host_ed25519_key.pub.
[   12.613141] cloud-init[941]: The key fingerprint is:
[   12.613366] cloud-init[941]: SHA256:Qbp+BHufpCeGbBuvEIse88pOXkSzVA2VmLo3FA25Uu4 root@ubuntu-xenial
[[0;32m  OK  [0m] Started Initial cloud-init job (metadata service crawler).
[   12.613583] cloud-init[941]: The key's randomart image is:
[   12.620167] cloud-init[941]: +--[ED25519 256]--+
[   12.620312] cloud-init[941]: |      +Xo.       |
[   12.620554] cloud-init[941]: |     .*o+        |
[   12.620815] cloud-init[941]: |    ++oo.        |
[   12.621046] cloud-init[941]: |   ooo++ .       |
[   12.621277] cloud-init[941]: |    +=o S .      |
[   12.621511] cloud-init[941]: |   o.=E+ + .     |
[   12.621759] cloud-init[941]: |  = +.*.= +      |
[   12.621986] cloud-init[941]: | = = o * o       |
[   12.622235] cloud-init[941]: | .*.. o..        |
[   12.622458] cloud-init[941]: +----[SHA256]-----+
[[0;32m  OK  [0m] Reached target Network is Online.
         Starting iSCSI initiator daemon (iscsid)...
[[0;32m  OK  [0m] Reached target Cloud-config availability.
[[0;32m  OK  [0m] Reached target System Initialization.
         Starting LXD - unix socket.
[[0;32m  OK  [0m] Started Daily Cleanup of Temporary Directories.
[[0;32m  OK  [0m] Listening on UUID daemon activation socket.
[[0;32m  OK  [0m] Started Message of the Day.
[[0;32m  OK  [0m] Listening on ACPID Listen Socket.
[[0;32m  OK  [0m] Started ACPI Events Check.
[[0;32m  OK  [0m] Reached target Paths.
         Starting Socket activation for snappy daemon.
[[0;32m  OK  [0m] Listening on D-Bus System Message Bus Socket.
[[0;32m  OK  [0m] Started Daily apt download activities.
[[0;32m  OK  [0m] Started Daily apt upgrade and clean activities.
[[0;32m  OK  [0m] Reached target Timers.
[[0;32m  OK  [0m] Listening on LXD - unix socket.
[[0;32m  OK  [0m] Listening on Socket activation for snappy daemon.
[[0;32m  OK  [0m] Reached target Sockets.
[[0;32m  OK  [0m] Reached target Basic System.
         Starting LSB: Record successful boot for GRUB...
[[0;32m  OK  [0m] Started FUSE filesystem for LXC.
[[0;32m  OK  [0m] Started ACPI event daemon.
         Starting LXD - container startup/shutdown...
         Starting Pollinate to seed the pseudo random number generator...
         Starting Virtualbox guest utils...
[[0;32m  OK  [0m] Started Regular background program processing daemon.
         Starting Accounts Service...
         Starting System Logging Service...
         Starting /etc/rc.local Compatibility...
         Starting Snap Daemon...
         Starting Login Service...
[[0;32m  OK  [0m] Started Deferred execution scheduler.
[[0;32m  OK  [0m] Started D-Bus System Message Bus.
         Starting LSB: MD monitoring daemon...
[[0;32m  OK  [0m] Started System Logging Service.
[[0;32m  OK  [0m] Started iSCSI initiator daemon (iscsid).
[[0;32m  OK  [0m] Started /etc/rc.local Compatibility.
[[0;32m  OK  [0m] Started Login Service.
[[0;32m  OK  [0m] Started Unattended Upgrades Shutdown.
         Starting Authenticate and Authorize Users to Run Privileged Tasks...
         Starting Login to default iSCSI targets...
[[0;32m  OK  [0m] Started LSB: Record successful boot for GRUB.
[[0;32m  OK  [0m] Started LSB: MD monitoring daemon.
[[0;32m  OK  [0m] Started Authenticate and Authorize Users to Run Privileged Tasks.
[[0;32m  OK  [0m] Started Login to default iSCSI targets.
[[0;32m  OK  [0m] Started LXD - container startup/shutdown.
[[0;32m  OK  [0m] Started Accounts Service.
[[0;32m  OK  [0m] Reached target Remote File Systems (Pre).
[[0;32m  OK  [0m] Reached target Remote File Systems.
         Starting LSB: daemon to balance interrupts for SMP systems...
         Starting Permit User Sessions...
         Starting LSB: Set the CPU Frequency Scaling governor to "ondemand"...
         Starting LSB: automatic crash report generation...
[[0;32m  OK  [0m] Started Permit User Sessions.
         Starting Hold until boot process finishes up...
         Starting Terminate Plymouth Boot Screen...
[[0;32m  OK  [0m] Started Hold until boot process finishes up.
         Starting Set console scheme...
[[0;32m  OK  [0m] Started Getty on tty1.
[[0;32m  OK  [0m] Started Serial Getty on ttyS0.
[[0;32m  OK  [0m] Reached target Login Prompts.
[[0;32m  OK  [0m] Started Terminate Plymouth Boot Screen.
[[0;32m  OK  [0m] Started Virtualbox guest utils.
[[0;32m  OK  [0m] Started Set console scheme.
[[0;32m  OK  [0m] Started LSB: Set the CPU Frequency Scaling governor to "ondemand".
[[0;32m  OK  [0m] Started LSB: automatic crash report generation.
[[0;32m  OK  [0m] Started LSB: daemon to balance interrupts for SMP systems.
[[0;32m  OK  [0m] Started Snap Daemon.
         Starting Wait until snapd is fully seeded...
[[0;32m  OK  [0m] Started Pollinate to seed the pseudo random number generator.
         Starting OpenBSD Secure Shell server...
[[0;32m  OK  [0m] Started OpenBSD Secure Shell server.
[[0;32m  OK  [0m] Created slice User Slice of vagrant.
         Starting User Manager for UID 1000...
[[0;32m  OK  [0m] Started Session 1 of user vagrant.
[[0;32m  OK  [0m] Started User Manager for UID 1000.
[[0;32m  OK  [0m] Started Wait until snapd is fully seeded.
         Starting Apply the settings specified in cloud-config...
[[0;32m  OK  [0m] Reached target Multi-User System.
[[0;32m  OK  [0m] Reached target Graphical Interface.
         Starting Update UTMP about System Runlevel Changes...
[[0;32m  OK  [0m] Started Update UTMP about System Runlevel Changes.
[   18.105545] cloud-init[1488]: Generating locales (this might take a while)...
[   18.809537] cloud-init[1488]:   en_US.UTF-8... done
[   18.809952] cloud-init[1488]: Generation complete.

Ubuntu 16.04.7 LTS ubuntu-xenial ttyS0

ubuntu-xenial login: [   19.091604] cloud-init[1488]: Cloud-init v. 21.1-19-gbad84ad4-0ubuntu1~16.04.2 running 'modules:config' at Sat, 08 May 2021 16:33:20 +0000. Up 17.98 seconds.
ci-info: no authorized SSH keys fingerprints found for user ubuntu.
<14>May  8 16:33:22 ec2: 
<14>May  8 16:33:22 ec2: #############################################################
<14>May  8 16:33:22 ec2: -----BEGIN SSH HOST KEY FINGERPRINTS-----
<14>May  8 16:33:22 ec2: 1024 SHA256:LfHNGpE0Sv1GTR62EuRXD5IR2R9QXrAXLrgsI5n5wzA root@ubuntu-xenial (DSA)
<14>May  8 16:33:22 ec2: 256 SHA256:vM+GWIpnwhWVXU3sgopMgNvOsv/cqoiMpkHd95udtJg root@ubuntu-xenial (ECDSA)
<14>May  8 16:33:22 ec2: 256 SHA256:Qbp+BHufpCeGbBuvEIse88pOXkSzVA2VmLo3FA25Uu4 root@ubuntu-xenial (ED25519)
<14>May  8 16:33:22 ec2: 2048 SHA256:fSJl/iSnT3xX8vPW+15IDp/yV6e+hKeyKQ8cBm5UzHs root@ubuntu-xenial (RSA)
<14>May  8 16:33:22 ec2: -----END SSH HOST KEY FINGERPRINTS-----
<14>May  8 16:33:22 ec2: #############################################################
-----BEGIN SSH HOST KEY KEYS-----
ecdsa-sha2-nistp256 AAAAE2VjZHNhLXNoYTItbmlzdHAyNTYAAAAIbmlzdHAyNTYAAABBBEdT+sjaen7D48YCvgwQCOEGZk+RjL0l0RLlAherSS3OKn9p6yJNDdxr+P9NUZJZmJLLF5xNhmDYjbmYtE4Iw2M= root@ubuntu-xenial
ssh-ed25519 AAAAC3NzaC1lZDI1NTE5AAAAIPbOxhsahOWCuEWYPR09JZA20B3srLCcpP/mMs14n3BI root@ubuntu-xenial
ssh-rsa AAAAB3NzaC1yc2EAAAADAQABAAABAQDT1lOlqiq5YWymzB2qvMiHC1xHVWePDMyd/UpaeOGAq/pkBIPJHL+k1hmTb3WBb0EqNmFfHaCrUYEN1byDwmr5KU2dj1gkNrquqihCjEEYxhUw1wILRi9U+sFH2fvLWpfXQ6Ii0+y9fC9fe40eYfNet9KHsRC/p3A6Q4x+JguCjwWHe90CWcDgKeEu0NxeLcn5N6QeXmbkKRGhgyFp+cfNxovLQOmudpm1aUZ7h9cOYlKiEKUuWUQQ4D3pnaQa3bA6+D9HTYatzU9fPX/R2m66Jhq8ZzJtkkLRHSw7N9fl2609H6x1sZ2vDgtx1qlhhrmt5zZs8vEcSMdM4nYVPl1D root@ubuntu-xenial
-----END SSH HOST KEY KEYS-----
[   19.492994] cloud-init[1642]: Cloud-init v. 21.1-19-gbad84ad4-0ubuntu1~16.04.2 running 'modules:final' at Sat, 08 May 2021 16:33:22 +0000. Up 19.37 seconds.
[   19.494524] cloud-init[1642]: ci-info: no authorized SSH keys fingerprints found for user ubuntu.
[   19.495543] cloud-init[1642]: Cloud-init v. 21.1-19-gbad84ad4-0ubuntu1~16.04.2 finished at Sat, 08 May 2021 16:33:22 +0000. Datasource DataSourceNoCloud [seed=/dev/sdb][dsmode=net].  Up 19.48 seconds
